<?xml version="1.0" encoding="UTF-8"?>
<!-- Generated by org.testng.reporters.JUnitReportReporter -->
<testsuite skipped="0" hostname="Vildans-Mac.local" name="package1.LoginPage" tests="1" failures="0" timestamp="2021-02-24T17:58:47 EST" time="8.248" errors="0">
  <testcase name="verifyForgetPassword" time="8.248" classname="package1.LoginPage"/>
  <system-out/>
</testsuite> <!-- package1.LoginPage -->
