<?xml version="1.0" encoding="UTF-8"?>
<!-- Generated by org.testng.reporters.JUnitReportReporter -->
<testsuite skipped="0" hostname="Vildans-Mac.local" name="package1.FirstTest" tests="1" failures="0" timestamp="2021-02-20T07:54:40 EST" time="0.020" errors="0">
  <testcase name="t3" time="0.020" classname="package1.FirstTest"/>
  <system-out/>
</testsuite> <!-- package1.FirstTest -->
